204128326066
204129927058
204131732254
204135067854
204135067854
204135874654
204138346254
204138346254
204138937454
204138937454
204138937454
204138937454
204138937454
204140930654
204140930654
204141758254
204141758254
204142876254
204142876254
204142876254
204142876254
204146176654
204146310654
204149494254
204149494254
204149494254
204149494254
204150827854
204153908254
204153908254
204153908254
204157866654
204161244254
204164683054
204167447054
204167447054
204169565054
204173159854
204176667054
204179133854
204179133854
204182774654
204183361054
204183361054
204183361054
204183361054
204183361054
204183361054
204183361054
204185955854
204185955854
204186810654
204189902254
204191663454
204193175854
204195416254
204199221854
204200865054
204200865054
204202895054
204202895054
204202895054
204202895054
204202895054
204202895054
204204095454
204204548654
204206666254
204207983454
204207983454
204207983454
204209631454
204212361054
204212361054
204213063854
204213063854
204213063854
204214670654
204215509054
204215509054
204215509054
204215509054
204215509054
204215509054
204215509054
204215509054
204215880654
204219686654
204223087854
204225950654
204225950654
204225950654
204225950654
204225950654
204228008254
204231959454
204231959454
204235080254
204237764254
204239701054
204240650254
204243489854
204244061854
204244731454
204246723854
204246723854
204246723854
204250145454
204250145454
204253549454
204255957454
204255957454
204255957454
204257553054
204257553054
204257631854
204257631854
204257631854
204260725854
204264404654
204267609454
204268621054
204268621054
204268621054
204272099454
204272167854
204273071854
204273592254
204273592254
204275893454
204279209454
204282929054
204286389054
204286389054
204286389054
204286389054
204288524654
204289209054
204289209054
204292220654
204295930654
204299893054
204299893054
204300756254
204300756254
204300756254
204300756254
204301169854
204303225854
204303225854
204305117054
204305117054
204305117054
204305117054
204305117054
204305117054
204306959854
204309197054
204310020254
204310020254
204313519054
204313519054
204313519054
204316894654
204316894654
204317001054
204317001054
204318813854
204318813854
204318813854
204319192654
204319192654
204319192654
204322546254
204322546254
204322546254
204323171454
204325322654
204328794254
204328794254
204328794254
204329922254
204332801454
204332801454
204332954654
204333207854
204337085454
204337085454
204337085454
204337535054
204337535054
204337535054
204337840654
204337840654
204337840654
204337840654
204338164254
204338164254
204338164254
204338838254
204338838254
204338838254
204338838254
204338838254
204339229054
204339229054
204339229054
204343037454
204345557054
204345557054
204347954254
204350216254
204350216254
204354121454
204354121454
204357647054
204357719454
204361693854
204363995054
204366086654
204366086654
204367266254
204367266254
204367266254
204370885454
204370885454
204373804654
204373804654
204373804654
204375153454
204375153454
204379035854
204379825854
204383502254
204383502254
204383502254
204385895054
204389472654
204389472654
204389472654
204389472654
204389528654
204390779854
204391543454
204393241454
204393241454
204393241454
204393241454
204393241454
204393241454
204394110254
204395177854
204396200254
204396200254
204398302654
204398302654
204398302654
204398302654
204400614254
204400614254
204403141854
204403141854
204407027854
204407027854
204407027854
204409944254
204409944254
204413727054
204413727054
204413727054
204417592654
204420582654
204420582654
204420582654
204420806654
204420806654
204424382254
204426615054
204426615054
204426615054
204426615054
204426615054
204426783054
204427015454
204427015454
204427015454
204428317454
204432297854
204435529454
204436903454
204436903454
204436903454
204440363054
204443857054
204446191054
204446191054
204449481054
204449481054
204449481054
204451630654
204455062254
204456173854
204459910254
204462992254
204465204654
204469154654
204469154654
204469154654
204469154654
204469154654
204471654254
204471654254
204471654254
204471654254
204471654254
204471654254
204471654254
204473009454
204473009454
204473009454
204473009454
204474859854
204474859854
204474859854
204474859854
204476619054
204478475054
204478475054
204478475054
204478475054
204481407054
204482226654
204484360254
204484360254
204487859054
204487859054
204487859054
204490458654
204491940654
204491940654
204491940654
204491940654
204492787854
204493832654
204493832654
204493832654
204493832654
204497227054
204499771454
204499771454
204499771454
204500191054
204504035454
204504802254
204505677454
204505677454
204509488654
204509501054
204509501054
204511895054
204511895054
204512659854
204515068654
204515481054
204515481054
204515701054
204515701054
204517675454
204518999854
204519590654
204520585054
204522054254
204522054254
204525340254
204525340254
204526508254
204528195054
204528195054
204528195054
204529423854
204532234254
204535623454
204535623454
204536232654
204536859454
204540529854
204543400654
204543400654
204543400654
204543400654
204543400654
204543400654
204547207854
204547207854
204547207854
204547207854
204550885854
204550885854
204550885854
204550885854
204550885854
204550885854
204551987854
204553151054
204553151054
204553151054
204555438254
204555438254
204555438254
204555438254
204555438254
204558165854
204558165854
204559432254
204560841454
204562275454
204562275454
204563775854
204564409054
204564938254
204566131054
204566131054
204568554254
204569559054
204571477854
204573222654
204573222654
204573222654
204574769454
204574769454
204578075854
204579616254
204582189454
204582189454
204582189454
204582189454
204582189454
204582189454
204582189454
204582189454
204582189454
204582189454
204582189454
204585033854
204585434254
204587538254
204587538254
204588969854
204588969854
204588969854
204588969854
204589563854
204591259454
204591701854
204594144654
204594144654
204594144654
204594144654
204594144654
204594144654
204594144654
204594144654
204596287054
204599342654
204599891854
204599891854
204602001054
204602001054
204602001054
204603946654
204603946654
204605440654
204605440654
204608785054
204611360254
204615063854
204615063854
204616877054
204616877054
204619225454
204620694254
204620694254
204620694254
204620694254
204621349454
204622345454
204622345454
204622345454
204622345454
204622345454
204622345454
204624852654
204624852654
204626030254
204628519054
204628519054
204632272654
204632272654
204632272654
204634672254
204635599054
204635599054
204638593054
204642440254
204642440254
204643331854
204644342254
204644342254
204648135054
204649386654
204649386654
204649386654
204652712254
204652712254
204652712254
204652712254
204652712254
204654839854
204654839854
204655263854
204657441454
204657441454
204660795854
204660795854
204660795854
204660795854
204660795854
204660795854
204660795854
204660795854
204664315454
204664315454
204664315454
204665268254
204665268254
204668239454
204668239454
204668239454
204668239454
204668239454
204668239454
204670018654
204670018654
204672101454
204672101454
204672101454
204673657854
204673657854
204673657854
204674350654
204677969054
204680561454
204680561454
204682882254
204685377854
204685377854
204686477854
