344411665890
344413673940
344413673940
344413673940
344416201422
344416201422
344416201422
344421540711
344421540711
344421540711
344426250471
344428492290
344433134481
344433134481
344434570824
344434570824
344436702927
344442531924
344442531924
344443178847
344443178847
344443178847
344445926430
344445926430
344449326957
344449326957
344454801384
344454801384
344454801384
344457782448
344463040119
344467697697
344467862940
344467862940
344469784308
344469784308
344469784308
344469784308
344469784308
344471605326
344473615002
344473992318
344473992318
344473992318
344473992318
344473992318
344473992318
344480264193
344480264193
344483793168
344490248349
344490248349
344492327601
344492327601
344496599835
344496599835
344500289370
344504711460
344509022496
344509022496
344513928942
344513928942
344513928942
344513928942
344514870225
344514870225
344514870225
344520811614
344523221352
344526356286
344532187959
344532187959
344538857220
344538857220
344539138200
344544497559
344544497559
344544497559
344544497559
344545749258
344545749258
344546026893
344550166665
344550166665
344554113096
344554113096
344556857334
344556857334
344556857334
344556857334
344556857334
344556857334
344556857334
344556857334
344561516919
344561516919
344561516919
344563252974
344563252974
344563252974
344563252974
344564819103
344566752513
344569540236
344575414725
344575414725
344577317361
344577317361
344579080845
344579080845
344583145689
344583145689
344588729163
344588729163
344588729163
344588729163
344588729163
344594354115
344594354115
344594354115
344594354115
344597447571
344600110191
344602127895
344603561562
344603561562
344603561562
344609200563
344609200563
344609200563
344609200563
344609200563
344609200563
344609200563
344609200563
344609200563
344613067383
344619318519
344623867719
344623867719
344628526635
344628526635
344628526635
344628587514
344634589113
344637623028
344637623028
344637623028
344637623028
344637623028
344642876016
344644557213
344646978993
344652799293
344659383591
344665359099
344665359099
344665359099
344667557433
344672821794
344674886328
344674886328
344674896363
344675248257
344675248257
344680285827
344686186407
344686186407
344688243582
344688243582
344694726192
344694726192
344694726192
344695658109
344696773332
344696773332
344702142726
344704899006
344704899006
344704899006
344704899006
344709931893
344715660540
344715660540
344715660540
344715660540
344715660540
344715696666
344715696666
344715696666
344720668674
344721648090
344723178762
344723178762
344725844058
344726502354
344726502354
344726502354
344726502354
344726502354
344731510488
344732858523
344732858523
344736568128
344743114962
344743114962
344743114962
344747318289
344747318289
344752024704
344753359359
344753359359
344756561193
344756561193
344761275636
344761852983
344761852983
344764922355
344769398634
344769398634
344769398634
344769398634
344769398634
344772563004
344772563004
344772563004
344773596609
344773596609
344773596609
344777038614
344777038614
344782800711
344788381509
344791430142
344791430142
344798030496
344798321511
344798321511
344798321511
344798321511
344803063383
344803063383
344803063383
344806467924
344808447495
344809576098
344809576098
344809576098
344815247211
344815247211
344815247211
344815247211
344815247211
344818787559
344818787559
344821957950
344825575233
344825575233
344825575233
344825575233
344825575233
344831507925
344836305324
344836305324
344836305324
344841814539
344845400379
344845400379
344846225925
344846225925
344846225925
344846225925
344846225925
344847094956
344849104632
344854872750
344854872750
344857084464
344862919482
344862919482
344862919482
344864240088
344864240088
344864240088
344864240088
344865381402
344865381402
344865381402
344865381402
344865381402
344865381402
344866081176
344866081176
344871643911
344874319911
344874337974
344874337974
344879452479
344881808697
344882902512
344888848584
344890830831
344890830831
344890830831
344890830831
344892237069
344892237069
344896028961
344896707996
344898943125
344898943125
344901232443
344904798882
344905991040
344905991040
344905991040
344908031490
344908031490
344908031490
344910414468
344913788904
344913788904
344913788904
344914618464
344914618464
344916047448
344916047448
344920932486
344923738941
344928682851
344932747026
344939342028
344939342028
344939342028
344945690169
344945690169
344945690169
344945690169
344948346099
344948346099
344950581228
344953004346
344958581130
344958581130
344965133316
344966987784
344971324242
344971324242
344972832168
344972832168
344976430050
344979585054
344979585054
344985668271
344990535915
344994577344
344994577344
344994577344
345000925485
345000925485
345000925485
345000925485
345000925485
345004000209
345004762869
345004762869
345006915042
345006915042
345006915042
345006915042
345012533304
345012533304
345012533304
345012533304
345013041075
345013041075
345013383603
345013383603
