136417315585
136417315585
136417315585
136419424690
136420755535
136420755535
136422506620
136422506620
136422827665
136422827665
136422827665
136422827665
136423822675
136425517150
136425718600
136425718600
136427789710
136428174760
136428174760
136428174760
136430074510
136431342370
136431342370
136431342370
136432778530
136432778530
136434166750
136434166750
136435094440
136437626590
136437626590
136437626590
136437626590
136439977435
136439977435
136439977435
136442124535
136442124535
136442124535
136442808445
136444864510
136446744370
136446999370
136446999370
136446999370
136446999370
136446999370
136446999370
136448796100
136448796100
136449073540
136449073540
136449073540
136449909430
136452007825
136452007825
136452564745
136452564745
136452564745
136452564745
136454809000
136454809000
136454995150
136457463805
136457463805
136457810860
136458281845
136460156860
136461312775
136463852065
136464609670
136465766350
136465766350
136467798700
136468901320
136468901320
136468901320
136468901320
136468901320
136468908460
136471024705
136473526255
136474590370
136474590370
136476687235
136476687235
136478830510
136480127185
136480376575
136481572270
136483829785
136486113055
136487756020
136488270610
136488270610
136488270610
136488619450
136490561530
136490561530
136492807315
136492807315
136494324565
136494324565
136494324565
136494324565
136494324565
136494324565
136496709070
136496709070
136496709070
136498639675
136499033905
136499033905
136500008515
136500008515
136502462125
136502822185
136503571885
136503571885
136503571885
136506116275
136506481435
136507790605
136507790605
136509812245
136509812245
136510119265
136510119265
136510119265
136510119265
136510526245
136510584385
136511116570
136511116570
136511116570
136513529125
136514372410
136514372410
136514671780
136515041785
136515244255
136515244255
136515244255
136515726205
136515966670
136515966670
136515966670
136515966670
136515966670
136517195515
136517251870
136517749375
136519580275
136519580275
136519589710
136519589710
136519589710
136521745225
136523307355
136523307355
136525024270
136525024270
136525024270
136527069625
136528977025
136528977025
136529417155
136529417155
136529417155
136529417155
136529417155
136529417155
136531239640
136531239640
136531239640
136531239640
136532486590
136533142960
136533142960
136533498175
136533498175
136533498175
136533498175
136534247620
136534247620
136534247620
136534247620
136534247620
136534483750
136536522730
136536522730
136537207405
136537207405
136538017540
136538878675
136538878675
136539461860
136539461860
136539461860
136539461860
136541672965
136542202345
136544045485
136545161875
136545874345
136547670565
136549774060
136549774060
136549774060
136549774060
136549793695
136551137290
136551137290
136551137290
136553311675
136553311675
136553335900
136553335900
136553883895
136553916790
136553916790
136553916790
136555262935
136557297580
136557297580
136558473895
136558784995
136560087280
136561923280
136563089140
136564125205
136566171580
136566417145
136566417145
136566417145
136566791230
136566791230
136566791230
136567244110
136567633750
136569513355
136569513355
136570784785
136570784785
136570784785
136570784785
